[    0.000000] Initializing cgroup subsys cpuset
[    0.000000] Initializing cgroup subsys cpu
[    0.000000] Initializing cgroup subsys cpuacct
[    0.000000] Linux version 4.4.0-210-generic (buildd@lgw01-amd64-009) (gcc version 5.4.0 20160609 (Ubuntu 5.4.0-6ubuntu1~16.04.12) ) #242-Ubuntu SMP Fri Apr 16 09:57:56 UTC 2021 (Ubuntu 4.4.0-210.242-generic 4.4.262)
[    0.000000] Command line: BOOT_IMAGE=/boot/vmlinuz-4.4.0-210-generic root=LABEL=cloudimg-rootfs ro console=tty1 console=ttyS0
[    0.000000] KERNEL supported cpus:
[    0.000000]   Intel GenuineIntel
[    0.000000]   AMD AuthenticAMD
[    0.000000]   Centaur CentaurHauls
[    0.000000] x86/fpu: xstate_offset[2]:  576, xstate_sizes[2]:  256
[    0.000000] x86/fpu: Supporting XSAVE feature 0x01: 'x87 floating point registers'
[    0.000000] x86/fpu: Supporting XSAVE feature 0x02: 'SSE registers'
[    0.000000] x86/fpu: Supporting XSAVE feature 0x04: 'AVX registers'
[    0.000000] x86/fpu: Enabled xstate features 0x7, context size is 832 bytes, using 'standard' format.
[    0.000000] e820: BIOS-provided physical RAM map:
[    0.000000] BIOS-e820: [mem 0x0000000000000000-0x000000000009fbff] usable
[    0.000000] BIOS-e820: [mem 0x000000000009fc00-0x000000000009ffff] reserved
[    0.000000] BIOS-e820: [mem 0x00000000000f0000-0x00000000000fffff] reserved
[    0.000000] BIOS-e820: [mem 0x0000000000100000-0x000000003ffeffff] usable
[    0.000000] BIOS-e820: [mem 0x000000003fff0000-0x000000003fffffff] ACPI data
[    0.000000] BIOS-e820: [mem 0x00000000fec00000-0x00000000fec00fff] reserved
[    0.000000] BIOS-e820: [mem 0x00000000fee00000-0x00000000fee00fff] reserved
[    0.000000] BIOS-e820: [mem 0x00000000fffc0000-0x00000000ffffffff] reserved
[    0.000000] NX (Execute Disable) protection: active
[    0.000000] SMBIOS 2.5 present.
[    0.000000] Hypervisor detected: KVM
[    0.000000] e820: last_pfn = 0x3fff0 max_arch_pfn = 0x400000000
[    0.000000] MTRR: Disabled
[    0.000000] x86/PAT: MTRRs disabled, skipping PAT initialization too.
[    0.000000] CPU MTRRs all blank - virtualized system.
[    0.000000] x86/PAT: Configuration [0-7]: WB  WT  UC- UC  WB  WT  UC- UC  
[    0.000000] found SMP MP-table at [mem 0x0009fff0-0x0009ffff] mapped at [ffff88000009fff0]
[    0.000000] Scanning 1 areas for low memory corruption
[    0.000000] RAMDISK: [mem 0x362dc000-0x37165fff]
[    0.000000] ACPI: Early table checksum verification disabled
[    0.000000] ACPI: RSDP 0x00000000000E0000 000024 (v02 VBOX  )
[    0.000000] ACPI: XSDT 0x000000003FFF0030 00003C (v01 VBOX   VBOXXSDT 00000001 ASL  00000061)
[    0.000000] ACPI: FACP 0x000000003FFF00F0 0000F4 (v04 VBOX   VBOXFACP 00000001 ASL  00000061)
[    0.000000] ACPI: DSDT 0x000000003FFF0470 002325 (v02 VBOX   VBOXBIOS 00000002 INTL 20190509)
[    0.000000] ACPI: FACS 0x000000003FFF0200 000040
[    0.000000] ACPI: FACS 0x000000003FFF0200 000040
[    0.000000] ACPI: APIC 0x000000003FFF0240 00005C (v02 VBOX   VBOXAPIC 00000001 ASL  00000061)
[    0.000000] ACPI: SSDT 0x000000003FFF02A0 0001CC (v01 VBOX   VBOXCPUT 00000002 INTL 20190509)
[    0.000000] No NUMA configuration found
[    0.000000] Faking a node at [mem 0x0000000000000000-0x000000003ffeffff]
[    0.000000] NODE_DATA(0) allocated [mem 0x3ffeb000-0x3ffeffff]
[    0.000000] kvm-clock: Using msrs 4b564d01 and 4b564d00
[    0.000000] kvm-clock: cpu 0, msr 0:3ffe3001, primary cpu clock
[    0.000000] kvm-clock: using sched offset of 3440244944 cycles
[    0.000000] clocksource: kvm-clock: mask: 0xffffffffffffffff max_cycles: 0x1cd42e4dffb, max_idle_ns: 881590591483 ns
[    0.000000] Zone ranges:
[    0.000000]   DMA      [mem 0x0000000000001000-0x0000000000ffffff]
[    0.000000]   DMA32    [mem 0x0000000001000000-0x000000003ffeffff]
[    0.000000]   Normal   empty
[    0.000000]   Device   empty
[    0.000000] Movable zone start for each node
[    0.000000] Early memory node ranges
[    0.000000]   node   0: [mem 0x0000000000001000-0x000000000009efff]
[    0.000000]   node   0: [mem 0x0000000000100000-0x000000003ffeffff]
[    0.000000] Initmem setup node 0 [mem 0x0000000000001000-0x000000003ffeffff]
[    0.000000] ACPI: PM-Timer IO Port: 0x4008
[    0.000000] IOAPIC[0]: apic_id 2, version 32, address 0xfec00000, GSI 0-23
[    0.000000] ACPI: INT_SRC_OVR (bus 0 bus_irq 0 global_irq 2 dfl dfl)
[    0.000000] ACPI: INT_SRC_OVR (bus 0 bus_irq 9 global_irq 9 low level)
[    0.000000] Using ACPI (MADT) for SMP configuration information
[    0.000000] smpboot: Allowing 2 CPUs, 0 hotplug CPUs
[    0.000000] PM: Registered nosave memory: [mem 0x00000000-0x00000fff]
[    0.000000] PM: Registered nosave memory: [mem 0x0009f000-0x0009ffff]
[    0.000000] PM: Registered nosave memory: [mem 0x000a0000-0x000effff]
[    0.000000] PM: Registered nosave memory: [mem 0x000f0000-0x000fffff]
[    0.000000] e820: [mem 0x40000000-0xfebfffff] available for PCI devices
[    0.000000] Booting paravirtualized kernel on KVM
[    0.000000] clocksource: refined-jiffies: mask: 0xffffffff max_cycles: 0xffffffff, max_idle_ns: 7645519600211568 ns
[    0.000000] setup_percpu: NR_CPUS:512 nr_cpumask_bits:512 nr_cpu_ids:2 nr_node_ids:1
[    0.000000] PERCPU: Embedded 33 pages/cpu @ffff88003fc00000 s95192 r8192 d31784 u1048576
[    0.000000] Built 1 zonelists in Node order, mobility grouping on.  Total pages: 257912
[    0.000000] Policy zone: DMA32
[    0.000000] Kernel command line: BOOT_IMAGE=/boot/vmlinuz-4.4.0-210-generic root=LABEL=cloudimg-rootfs ro console=tty1 console=ttyS0
[    0.000000] PID hash table entries: 4096 (order: 3, 32768 bytes)
[    0.000000] Memory: 997792K/1048120K available (8644K kernel code, 1332K rwdata, 4044K rodata, 1492K init, 1164K bss, 50328K reserved, 0K cma-reserved)
[    0.000000] SLUB: HWalign=64, Order=0-3, MinObjects=0, CPUs=2, Nodes=1
[    0.000000] Kernel/User page tables isolation: enabled
[    0.000000] Hierarchical RCU implementation.
[    0.000000] 	Build-time adjustment of leaf fanout to 64.
[    0.000000] 	RCU restricting CPUs from NR_CPUS=512 to nr_cpu_ids=2.
[    0.000000] RCU: Adjusting geometry for rcu_fanout_leaf=64, nr_cpu_ids=2
[    0.000000] NR_IRQS:33024 nr_irqs:440 16
[    0.000000] Console: colour VGA+ 80x25
[    0.000000] console [tty1] enabled
[    0.000000] console [ttyS0] enabled
[    0.000000] tsc: Detected 2208.016 MHz processor
[    0.249536] Calibrating delay loop (skipped) preset value.. 4416.03 BogoMIPS (lpj=8832064)
[    0.252193] pid_max: default: 32768 minimum: 301
[    0.253667] ACPI: Core revision 20150930
[    0.257454] ACPI: 2 ACPI AML tables successfully acquired and loaded
[    0.259606] Security Framework initialized
[    0.261543] Yama: becoming mindful.
[    0.262559] AppArmor: AppArmor initialized
[    0.263678] Dentry cache hash table entries: 131072 (order: 8, 1048576 bytes)
[    0.266250] Inode-cache hash table entries: 65536 (order: 7, 524288 bytes)
[    0.268619] Mount-cache hash table entries: 2048 (order: 2, 16384 bytes)
[    0.270287] Mountpoint-cache hash table entries: 2048 (order: 2, 16384 bytes)
[    0.272452] Initializing cgroup subsys io
[    0.274254] Initializing cgroup subsys memory
[    0.275571] Initializing cgroup subsys devices
[    0.277044] Initializing cgroup subsys freezer
[    0.278542] Initializing cgroup subsys net_cls
[    0.280032] Initializing cgroup subsys perf_event
[    0.281508] Initializing cgroup subsys net_prio
[    0.282799] Initializing cgroup subsys hugetlb
[    0.283947] Initializing cgroup subsys pids
[    0.302596] mce: CPU supports 0 MCE banks
[    0.303834] Last level iTLB entries: 4KB 64, 2MB 8, 4MB 8
[    0.305566] Last level dTLB entries: 4KB 64, 2MB 0, 4MB 0, 1GB 4
[    0.307055] Spectre V1 : Mitigation: usercopy/swapgs barriers and __user pointer sanitization
[    0.309793] Spectre V2 : Mitigation: Full generic retpoline
[    0.311162] Spectre V2 : Spectre v2 / SpectreRSB mitigation: Filling RSB on context switch
[    0.314997] Speculative Store Bypass: Vulnerable
[    0.320147] SRBDS: Unknown: Dependent on hypervisor status
[    0.322220] MDS: Mitigation: Clear CPU buffers
[    0.327362] Freeing SMP alternatives memory: 36K
[    0.336371] ftrace: allocating 32380 entries in 127 pages
[    0.401279] smpboot: APIC(0) Converting physical 0 to logical package 0
[    0.403659] smpboot: Max logical packages: 1
[    0.405748] x2apic enabled
[    0.407017] Switched APIC routing to physical x2apic.
[    0.410025] ..TIMER: vector=0x30 apic1=0 pin1=2 apic2=-1 pin2=-1
[    0.519504] smpboot: CPU0: Intel(R) Core(TM) i7-8750H CPU @ 2.20GHz (family: 0x6, model: 0x9e, stepping: 0xa)
[    0.523419] Performance Events: unsupported p6 CPU model 158 no PMU driver, software events only.
[    0.541001] KVM setup paravirtual spinlock
[    0.543887] x86: Booting SMP configuration:
[    0.545409] .... node  #0, CPUs:      #1
[    0.546635] kvm-clock: cpu 1, msr 0:3ffe3041, secondary cpu clock
[    0.566311] mce: CPU supports 0 MCE banks
[    0.569815] x86: Booted up 1 node, 2 CPUs
[    0.571857] smpboot: Total of 2 processors activated (8832.06 BogoMIPS)
[    0.576627] devtmpfs: initialized
[    0.579655] evm: security.selinux
[    0.580921] evm: security.SMACK64
[    0.581890] evm: security.SMACK64EXEC
[    0.583448] evm: security.SMACK64TRANSMUTE
[    0.586554] evm: security.SMACK64MMAP
[    0.587684] evm: security.ima
[    0.588697] evm: security.capability
[    0.590305] clocksource: jiffies: mask: 0xffffffff max_cycles: 0xffffffff, max_idle_ns: 7645041785100000 ns
[    0.593004] futex hash table entries: 512 (order: 3, 32768 bytes)
[    0.595098] pinctrl core: initialized pinctrl subsystem
[    0.596805] RTC time:  9:20:18, date: 12/30/22
[    0.598449] NET: Registered protocol family 16
[    0.610677] cpuidle: using governor ladder
[    0.622795] cpuidle: using governor menu
[    0.623954] PCCT header not found.
[    0.625402] ACPI: bus type PCI registered
[    0.626402] acpiphp: ACPI Hot Plug PCI Controller Driver version: 0.5
[    0.628349] PCI: Using configuration type 1 for base access
[    0.643580] ACPI: Added _OSI(Module Device)
[    0.644805] ACPI: Added _OSI(Processor Device)
[    0.646225] ACPI: Added _OSI(3.0 _SCP Extensions)
[    0.648090] ACPI: Added _OSI(Processor Aggregator Device)
[    0.650674] ACPI: Executed 1 blocks of module-level executable AML code
[    0.656980] ACPI: Interpreter enabled
[    0.658078] ACPI: (supports S0 S5)
[    0.659230] ACPI: Using IOAPIC for interrupt routing
[    0.661033] PCI: Using host bridge windows from ACPI; if necessary, use "pci=nocrs" and report a bug
[    0.667669] ACPI: PCI Root Bridge [PCI0] (domain 0000 [bus 00-ff])
[    0.669399] acpi PNP0A03:00: _OSC: OS supports [ASPM ClockPM Segments MSI]
[    0.671612] acpi PNP0A03:00: _OSC: not requesting OS control; OS requires [ExtendedConfig ASPM ClockPM MSI]
[    0.674350] acpi PNP0A03:00: fail to add MMCONFIG information, can't access extended PCI configuration space under this bridge.
[    0.677687] PCI host bridge to bus 0000:00
[    0.678797] pci_bus 0000:00: root bus resource [io  0x0000-0x0cf7 window]
[    0.680763] pci_bus 0000:00: root bus resource [io  0x0d00-0xffff window]
[    0.688517] pci_bus 0000:00: root bus resource [mem 0x000a0000-0x000bffff window]
[    0.691170] pci_bus 0000:00: root bus resource [mem 0x40000000-0xfdffffff window]
[    0.693392] pci_bus 0000:00: root bus resource [bus 00-ff]
[    0.696656] pci 0000:00:01.1: legacy IDE quirk: reg 0x10: [io  0x01f0-0x01f7]
[    0.699074] pci 0000:00:01.1: legacy IDE quirk: reg 0x14: [io  0x03f6]
[    0.701317] pci 0000:00:01.1: legacy IDE quirk: reg 0x18: [io  0x0170-0x0177]
[    0.734588] pci 0000:00:01.1: legacy IDE quirk: reg 0x1c: [io  0x0376]
[    0.760002] pci 0000:00:07.0: quirk: [io  0x4000-0x403f] claimed by PIIX4 ACPI
[    0.762301] pci 0000:00:07.0: quirk: [io  0x4100-0x410f] claimed by PIIX4 SMB
[    0.778004] ACPI: PCI Interrupt Link [LNKA] (IRQs 5 9 10 *11)
[    0.781161] ACPI: PCI Interrupt Link [LNKB] (IRQs 5 9 *10 11)
[    0.786603] ACPI: PCI Interrupt Link [LNKC] (IRQs 5 *9 10 11)
[    0.789619] ACPI: PCI Interrupt Link [LNKD] (IRQs 5 9 10 *11)
[    0.792345] ACPI: Enabled 2 GPEs in block 00 to 07
[    0.794584] vgaarb: setting as boot device: PCI:0000:00:02.0
[    0.797728] vgaarb: device added: PCI:0000:00:02.0,decodes=io+mem,owns=io+mem,locks=none
[    0.800939] vgaarb: loaded
[    0.802096] vgaarb: bridge control possible 0000:00:02.0
[    0.806380] SCSI subsystem initialized
[    0.807849] ACPI: bus type USB registered
[    0.809319] usbcore: registered new interface driver usbfs
[    0.810868] usbcore: registered new interface driver hub
[    0.812407] usbcore: registered new device driver usb
[    0.814950] PCI: Using ACPI for IRQ routing
[    0.816582] NetLabel: Initializing
[    0.817801] NetLabel:  domain hash size = 128
[    0.819115] NetLabel:  protocols = UNLABELED CIPSOv4
[    0.820649] NetLabel:  unlabeled traffic allowed by default
[    0.822239] amd_nb: Cannot enumerate AMD northbridges
[    0.823973] clocksource: Switched to clocksource kvm-clock
[    0.834972] AppArmor: AppArmor Filesystem Enabled
[    0.836943] pnp: PnP ACPI init
[    0.839146] pnp: PnP ACPI: found 3 devices
[    0.850771] clocksource: acpi_pm: mask: 0xffffff max_cycles: 0xffffff, max_idle_ns: 2085701024 ns
[    0.853525] NET: Registered protocol family 2
[    0.855020] TCP established hash table entries: 8192 (order: 4, 65536 bytes)
[    0.857106] TCP bind hash table entries: 8192 (order: 5, 131072 bytes)
[    0.858769] TCP: Hash tables configured (established 8192 bind 8192)
[    0.860493] UDP hash table entries: 512 (order: 2, 16384 bytes)
[    0.862321] UDP-Lite hash table entries: 512 (order: 2, 16384 bytes)
[    0.863923] NET: Registered protocol family 1
[    0.865224] pci 0000:00:00.0: Limiting direct PCI/PCI transfers
[    0.866749] pci 0000:00:01.0: Activating ISA DMA hang workarounds
[    0.868473] Unpacking initramfs...
[    1.071644] Freeing initrd memory: 14888K
[    1.072904] clocksource: tsc: mask: 0xffffffffffffffff max_cycles: 0x1fd3c73185d, max_idle_ns: 440795251453 ns
[    1.075388] platform rtc_cmos: registered platform RTC device (no PNP device found)
[    1.077429] Scanning for low memory corruption every 60 seconds
[    1.079150] audit: initializing netlink subsys (disabled)
[    1.080387] audit: type=2000 audit(1672392023.451:1): initialized
[    1.082084] Initialise system trusted keyring
[    1.083386] HugeTLB registered 2 MB page size, pre-allocated 0 pages
[    1.086221] zbud: loaded
[    1.087458] VFS: Disk quotas dquot_6.6.0
[    1.088651] VFS: Dquot-cache hash table entries: 512 (order 0, 4096 bytes)
[    1.090435] squashfs: version 4.0 (2009/01/31) Phillip Lougher
[    1.092136] fuse init (API version 7.23)
[    1.093270] Key type big_key registered
[    1.094328] Allocating IMA MOK and blacklist keyrings.
[    1.096092] Key type asymmetric registered
[    1.097163] Asymmetric key parser 'x509' registered
[    1.098411] Block layer SCSI generic (bsg) driver version 0.4 loaded (major 249)
[    1.100446] io scheduler noop registered
[    1.101470] io scheduler deadline registered (default)
[    1.102751] io scheduler cfq registered
[    1.103817] pci_hotplug: PCI Hot Plug PCI Core version: 0.5
[    1.105152] pciehp: PCI Express Hot Plug Controller Driver version: 0.4
[    1.106729] ACPI: AC Adapter [AC] (on-line)
[    1.107956] input: Power Button as /devices/LNXSYSTM:00/LNXPWRBN:00/input/input0
[    1.109884] ACPI: Power Button [PWRF]
[    1.110979] input: Sleep Button as /devices/LNXSYSTM:00/LNXSLPBN:00/input/input1
[    1.113014] ACPI: Sleep Button [SLPF]
[    1.114772] ACPI: Battery Slot [BAT0] (battery present)
[    1.116094] GHES: HEST is not enabled!
[    1.117366] Serial: 8250/16550 driver, 32 ports, IRQ sharing enabled
[    1.139492] 00:02: ttyS0 at I/O 0x3f8 (irq = 4, base_baud = 115200) is a 16550A
[    1.142363] Linux agpgart interface v0.103
[    1.144865] loop: module loaded
[    1.146202] scsi host0: ata_piix
[    1.147155] scsi host1: ata_piix
[    1.148729] ata1: PATA max UDMA/33 cmd 0x1f0 ctl 0x3f6 bmdma 0xd000 irq 14
[    1.151386] ata2: PATA max UDMA/33 cmd 0x170 ctl 0x376 bmdma 0xd008 irq 15
[    1.152842] libphy: Fixed MDIO Bus: probed
[    1.153769] tun: Universal TUN/TAP device driver, 1.6
[    1.154835] tun: (C) 1999-2004 Max Krasnyansky <maxk@qualcomm.com>
[    1.156083] PPP generic driver version 2.4.2
[    1.157079] ehci_hcd: USB 2.0 'Enhanced' Host Controller (EHCI) Driver
[    1.158316] ehci-pci: EHCI PCI platform driver
[    1.159403] ehci-platform: EHCI generic platform driver
[    1.160585] ohci_hcd: USB 1.1 'Open' Host Controller (OHCI) Driver
[    1.161854] ohci-pci: OHCI PCI platform driver
[    1.162888] ohci-platform: OHCI generic platform driver
[    1.164094] uhci_hcd: USB Universal Host Controller Interface driver
[    1.165395] i8042: PNP: PS/2 Controller [PNP0303:PS2K,PNP0f03:PS2M] at 0x60,0x64 irq 1,12
[    1.167632] serio: i8042 KBD port at 0x60,0x64 irq 1
[    1.168753] serio: i8042 AUX port at 0x60,0x64 irq 12
[    1.169942] mousedev: PS/2 mouse device common for all mice
[    1.171516] input: AT Translated Set 2 keyboard as /devices/platform/i8042/serio0/input/input2
[    1.173347] rtc_cmos rtc_cmos: rtc core: registered rtc_cmos as rtc0
[    1.174896] rtc_cmos rtc_cmos: alarms up to one day, 114 bytes nvram
[    1.176541] i2c /dev entries driver
[    1.177658] device-mapper: uevent: version 1.0.3
[    1.178943] device-mapper: ioctl: 4.34.0-ioctl (2015-10-28) initialised: dm-devel@redhat.com
[    1.181332] ledtrig-cpu: registered to indicate activity on CPUs
[    1.183052] NET: Registered protocol family 10
[    1.184414] NET: Registered protocol family 17
[    1.185679] Key type dns_resolver registered
[    1.187614] registered taskstats version 1
[    1.188723] Loading compiled-in X.509 certificates
[    1.190334] Loaded X.509 cert 'Build time autogenerated kernel key: cf00e047681d67edb2720680708b7d9498083038'
[    1.192689] zswap: loaded using pool lzo/zbud
[    1.195220] Key type trusted registered
[    1.198848] Key type encrypted registered
[    1.199880] AppArmor: AppArmor sha1 policy hashing enabled
[    1.201250] ima: No TPM chip found, activating TPM-bypass!
[    1.202620] ima: Allocated hash algorithm: sha1
[    1.203737] evm: HMAC attrs: 0x1
[    1.204927]   Magic number: 2:517:324
[    1.205903] tty tty49: hash matches
[    1.206821] acpi PNP0B00:00: hash matches
[    1.207906] rtc_cmos rtc_cmos: setting system clock to 2022-12-30 09:20:18 UTC (1672392018)
[    1.210121] BIOS EDD facility v0.16 2004-Jun-25, 0 devices found
[    1.211502] EDD information not available.
[    1.573668] Freeing unused kernel memory: 1492K
[    1.574836] Write protecting the kernel read-only data: 14336k
[    1.576571] Freeing unused kernel memory: 1584K
[    1.577772] Freeing unused kernel memory: 52K
Loading, please wait...
starting version 229
[    1.591517] random: systemd-udevd: uninitialized urandom read (16 bytes read, 3 bits of entropy available)
[    1.592147] random: udevadm: uninitialized urandom read (16 bytes read, 3 bits of entropy available)
[    1.592182] random: udevadm: uninitialized urandom read (16 bytes read, 3 bits of entropy available)
[    1.599203] random: systemd-udevd: uninitialized urandom read (16 bytes read, 3 bits of entropy available)
[    1.601693] random: systemd-udevd: uninitialized urandom read (16 bytes read, 3 bits of entropy available)
[    1.602904] random: udevadm: uninitialized urandom read (16 bytes read, 3 bits of entropy available)
[    1.602974] random: udevadm: uninitialized urandom read (16 bytes read, 3 bits of entropy available)
[    1.603202] random: udevadm: uninitialized urandom read (16 bytes read, 3 bits of entropy available)
[    1.603322] random: udevadm: uninitialized urandom read (16 bytes read, 3 bits of entropy available)
[    1.603422] random: udevadm: uninitialized urandom read (16 bytes read, 3 bits of entropy available)
[    1.666723] e1000: Intel(R) PRO/1000 Network Driver - version 7.3.21-k8-NAPI
[    1.668080] e1000: Copyright (c) 1999-2006 Intel Corporation.
[    1.672292] Fusion MPT base driver 3.04.20
[    1.673253] Copyright (c) 1999-2008 LSI Corporation
[    1.687825] Fusion MPT SPI Host driver 3.04.20
[    1.693770] AVX2 version of gcm_enc/dec engaged.
[    1.694762] AES CTR mode by8 optimization enabled
[    1.895911] input: ImExPS/2 Generic Explorer Mouse as /devices/platform/i8042/serio1/input/input4
[    2.097001] e1000 0000:00:03.0 eth0: (PCI:33MHz:32-bit) 02:be:82:6b:cc:1d
[    2.098536] e1000 0000:00:03.0 eth0: Intel(R) PRO/1000 Network Connection
[    3.099910] e1000 0000:00:08.0 eth1: (PCI:33MHz:32-bit) 08:00:27:11:bd:a5
[    3.101746] e1000 0000:00:08.0 eth1: Intel(R) PRO/1000 Network Connection
[    3.104136] mptbase: ioc0: Initiating bringup
[    3.104621] e1000 0000:00:08.0 enp0s8: renamed from eth1
[    3.119916] e1000 0000:00:03.0 enp0s3: renamed from eth0
[    3.176355] ioc0: LSI53C1030 A0: Capabilities={Initiator}
[    3.337988] scsi host2: ioc0: LSI53C1030 A0, FwRev=00000000h, Ports=1, MaxQ=256, IRQ=20
[    3.448658] scsi 2:0:0:0: Direct-Access     VBOX     HARDDISK         1.0  PQ: 0 ANSI: 5
[    3.450389] scsi target2:0:0: Beginning Domain Validation
[    3.452059] scsi target2:0:0: Domain Validation skipping write tests
[    3.453237] scsi target2:0:0: Ending Domain Validation
[    3.454488] scsi target2:0:0: asynchronous
[    3.468564] scsi 2:0:1:0: Direct-Access     VBOX     HARDDISK         1.0  PQ: 0 ANSI: 5
[    3.470275] scsi target2:0:1: Beginning Domain Validation
[    3.472292] scsi target2:0:1: Domain Validation skipping write tests
[    3.473474] scsi target2:0:1: Ending Domain Validation
[    3.474520] scsi target2:0:1: asynchronous
[    3.481289] sd 2:0:0:0: Attached scsi generic sg0 type 0
[    3.482759] sd 2:0:0:0: [sda] 83886080 512-byte logical blocks: (42.9 GB/40.0 GiB)
[    3.485310] sd 2:0:1:0: Attached scsi generic sg1 type 0
[    3.486629] sd 2:0:1:0: [sdb] 20480 512-byte logical blocks: (10.5 MB/10.0 MiB)
[    3.488694] sd 2:0:0:0: [sda] Write Protect is off
[    3.489901] sd 2:0:1:0: [sdb] Write Protect is off
[    3.491215] sd 2:0:0:0: [sda] Incomplete mode parameter data
[    3.492606] sd 2:0:0:0: [sda] Assuming drive cache: write through
[    3.494151] sd 2:0:1:0: [sdb] Incomplete mode parameter data
[    3.495379] sd 2:0:1:0: [sdb] Assuming drive cache: write through
[    3.499308]  sda: sda1
[    3.500530] sd 2:0:0:0: [sda] Attached SCSI disk
[    3.501992] sd 2:0:1:0: [sdb] Attached SCSI disk
